2024-10-27T18:07:15.623+05:30 DEBUG 17520 --- [reactiveApp] [Test worker] s.w.r.r.m.a.RequestMappingHandlerMapping : 5 mappings in 'requestMappingHandlerMapping'
2024-10-27T18:07:15.711+05:30 DEBUG 17520 --- [reactiveApp] [Test worker] o.s.w.r.handler.SimpleUrlHandlerMapping  : Patterns [/webjars/**, /**] in 'resourceHandlerMapping'
2024-10-27T18:07:15.980+05:30 DEBUG 17520 --- [reactiveApp] [Test worker] o.s.w.r.r.m.a.ControllerMethodResolver   : ControllerAdvice beans: none
2024-10-27T18:07:16.105+05:30 DEBUG 17520 --- [reactiveApp] [Test worker] o.s.w.s.adapter.HttpWebHandlerAdapter    : enableLoggingRequestDetails='false': form data and headers will be masked to prevent unsafe logging of potentially sensitive data
2024-10-27T18:07:16.387+05:30 DEBUG 17520 --- [reactiveApp] [Test worker] o.s.w.r.f.client.ExchangeFunctions       : [615bad16] HTTP GET /product/1
2024-10-27T18:07:16.466+05:30 DEBUG 17520 --- [reactiveApp] [parallel-1] o.s.w.s.adapter.HttpWebHandlerAdapter    : [6bc3c1c4] HTTP GET "/product/1"
2024-10-27T18:07:16.513+05:30 DEBUG 17520 --- [reactiveApp] [parallel-1] s.w.r.r.m.a.RequestMappingHandlerMapping : [6bc3c1c4] Mapped to com.reactiveApp.controller.ProductController#getProductById(String)
2024-10-27T18:07:16.690+05:30 DEBUG 17520 --- [reactiveApp] [parallel-1] o.s.w.r.r.m.a.ResponseBodyResultHandler  : [6bc3c1c4] Using 'application/json' given [*/*] and supported [application/json, application/*+json, application/x-ndjson, text/event-stream]
2024-10-27T18:07:16.691+05:30 DEBUG 17520 --- [reactiveApp] [parallel-1] o.s.w.r.r.m.a.ResponseBodyResultHandler  : [6bc3c1c4] 0..1 [com.reactiveApp.model.Product]
2024-10-27T18:07:16.729+05:30 DEBUG 17520 --- [reactiveApp] [parallel-1] org.springframework.web.HttpLogging      : [6bc3c1c4] Encoding [Product [productName=Iphone 13, qty=2, price=12300.89, description=Iphone Product]]
2024-10-27T18:07:16.760+05:30 DEBUG 17520 --- [reactiveApp] [parallel-1] o.s.w.s.adapter.HttpWebHandlerAdapter    : [6bc3c1c4] Completed 200 OK
2024-10-27T18:07:16.773+05:30 DEBUG 17520 --- [reactiveApp] [parallel-1] o.s.w.r.f.client.ExchangeFunctions       : [615bad16] [2adb7957] Response 200 OK
2024-10-27T18:07:16.903+05:30 DEBUG 17520 --- [reactiveApp] [Test worker] org.springframework.web.HttpLogging      : [615bad16] [2adb7957] Decoded [Product [productName=Iphone 13, qty=2, price=12300.89, description=Iphone Product]]
2024-10-27T18:07:16.917+05:30 ERROR 17520 --- [reactiveApp] [Test worker] o.s.t.w.reactive.server.ExchangeResult   : Request details for assertion failure:

> GET /product/1
> WebTestClient-Request-Id: [1]

No content

< 200 OK OK
< Content-Type: [application/json]
< Content-Length: [92]

{"id":"1","productName":"Iphone 13","qty":2,"price":12300.89,"description":"Iphone Product"}

2024-10-27T18:07:16.979+05:30 DEBUG 17520 --- [reactiveApp] [Test worker] o.s.w.r.f.client.ExchangeFunctions       : [1dbeedff] HTTP POST /product
2024-10-27T18:07:16.985+05:30 DEBUG 17520 --- [reactiveApp] [parallel-2] org.springframework.web.HttpLogging      : [1dbeedff] Encoding [Product [productName=Iphone 13, qty=2, price=12300.89, description=Iphone Product]]
2024-10-27T18:07:16.989+05:30 DEBUG 17520 --- [reactiveApp] [parallel-2] o.s.w.s.adapter.HttpWebHandlerAdapter    : [6d34d02a] HTTP POST "/product"
2024-10-27T18:07:16.991+05:30 DEBUG 17520 --- [reactiveApp] [parallel-2] s.w.r.r.m.a.RequestMappingHandlerMapping : [6d34d02a] Mapped to com.reactiveApp.controller.ProductController#addProduct(Product)
2024-10-27T18:07:17.004+05:30 DEBUG 17520 --- [reactiveApp] [parallel-2] .r.m.a.RequestBodyMethodArgumentResolver : [6d34d02a] Content-Type:application/json
2024-10-27T18:07:17.008+05:30 DEBUG 17520 --- [reactiveApp] [parallel-2] .r.m.a.RequestBodyMethodArgumentResolver : [6d34d02a] 0..1 [com.reactiveApp.model.Product]
2024-10-27T18:07:17.012+05:30 DEBUG 17520 --- [reactiveApp] [parallel-2] org.springframework.web.HttpLogging      : [6d34d02a] Decoded [Product [productName=Iphone 13, qty=2, price=12300.89, description=Iphone Product]]
2024-10-27T18:07:17.023+05:30 DEBUG 17520 --- [reactiveApp] [parallel-2] o.s.w.s.adapter.HttpWebHandlerAdapter    : [6d34d02a] Completed 201 CREATED
2024-10-27T18:07:17.037+05:30 DEBUG 17520 --- [reactiveApp] [parallel-2] o.s.w.r.f.client.ExchangeFunctions       : [1dbeedff] [6539599e] Response 201 CREATED
2024-10-27T18:07:17.040+05:30 ERROR 17520 --- [reactiveApp] [Test worker] o.s.t.w.reactive.server.ExchangeResult   : Request details for assertion failure:

> POST /product
> WebTestClient-Request-Id: [2]
> Content-Type: [application/json]
> Content-Length: [92]

{"id":"1","productName":"Iphone 13","qty":2,"price":12300.89,"description":"Iphone Product"}

< 201 CREATED Created
< 

0 bytes of content (unknown content-type).

2024-10-27T18:07:17.058+05:30 DEBUG 17520 --- [reactiveApp] [Test worker] o.s.w.r.f.client.ExchangeFunctions       : [3722f39d] HTTP PUT /product/1
2024-10-27T18:07:17.063+05:30 DEBUG 17520 --- [reactiveApp] [parallel-3] org.springframework.web.HttpLogging      : [3722f39d] Encoding [Product [productName=Iphone 13 Pro, qty=3, price=24600.0, description=Iphone product]]
2024-10-27T18:07:17.065+05:30 DEBUG 17520 --- [reactiveApp] [parallel-3] o.s.w.s.adapter.HttpWebHandlerAdapter    : [6cb1820c] HTTP PUT "/product/1"
2024-10-27T18:07:17.067+05:30 DEBUG 17520 --- [reactiveApp] [parallel-3] s.w.r.r.m.a.RequestMappingHandlerMapping : [6cb1820c] Mapped to com.reactiveApp.controller.ProductController#updateProduct(Product, String)
2024-10-27T18:07:17.069+05:30 DEBUG 17520 --- [reactiveApp] [parallel-3] .r.m.a.RequestBodyMethodArgumentResolver : [6cb1820c] Content-Type:application/json
2024-10-27T18:07:17.070+05:30 DEBUG 17520 --- [reactiveApp] [parallel-3] .r.m.a.RequestBodyMethodArgumentResolver : [6cb1820c] 0..1 [com.reactiveApp.model.Product]
2024-10-27T18:07:17.076+05:30 DEBUG 17520 --- [reactiveApp] [parallel-3] org.springframework.web.HttpLogging      : [6cb1820c] Decoded [Product [productName=Iphone 13 Pro, qty=3, price=24600.0, description=Iphone product]]
2024-10-27T18:07:17.081+05:30 DEBUG 17520 --- [reactiveApp] [parallel-3] o.s.w.s.adapter.HttpWebHandlerAdapter    : [6cb1820c] Completed 201 CREATED
2024-10-27T18:07:17.082+05:30 DEBUG 17520 --- [reactiveApp] [parallel-3] o.s.w.r.f.client.ExchangeFunctions       : [3722f39d] [6649e97c] Response 201 CREATED
2024-10-27T18:07:17.084+05:30 ERROR 17520 --- [reactiveApp] [Test worker] o.s.t.w.reactive.server.ExchangeResult   : Request details for assertion failure:

> PUT /product/1
> WebTestClient-Request-Id: [3]
> Content-Type: [application/json]
> Content-Length: [95]

{"id":"1","productName":"Iphone 13 Pro","qty":3,"price":24600.0,"description":"Iphone product"}

< 201 CREATED Created
< 

0 bytes of content (unknown content-type).

2024-10-27T18:07:17.112+05:30 DEBUG 17520 --- [reactiveApp] [Test worker] o.s.w.r.f.client.ExchangeFunctions       : [173a5fad] HTTP DELETE /product/1
2024-10-27T18:07:17.117+05:30 DEBUG 17520 --- [reactiveApp] [parallel-4] o.s.w.s.adapter.HttpWebHandlerAdapter    : [3f6fa436] HTTP DELETE "/product/1"
2024-10-27T18:07:17.118+05:30 DEBUG 17520 --- [reactiveApp] [parallel-4] s.w.r.r.m.a.RequestMappingHandlerMapping : [3f6fa436] Mapped to com.reactiveApp.controller.ProductController#deleteById(String)
2024-10-27T18:07:17.121+05:30 DEBUG 17520 --- [reactiveApp] [parallel-4] o.s.w.r.r.m.a.ResponseBodyResultHandler  : [3f6fa436] Using 'application/json' given [*/*] and supported [application/json, application/*+json, application/x-ndjson, text/event-stream]
2024-10-27T18:07:17.122+05:30 DEBUG 17520 --- [reactiveApp] [parallel-4] o.s.w.r.r.m.a.ResponseBodyResultHandler  : [3f6fa436] 0..1 [com.reactiveApp.model.Product]
2024-10-27T18:07:17.124+05:30 DEBUG 17520 --- [reactiveApp] [parallel-4] org.springframework.web.HttpLogging      : [3f6fa436] Encoding [Product [productName=Iphone 13, qty=2, price=12300.89, description=Iphone Product]]
2024-10-27T18:07:17.127+05:30 DEBUG 17520 --- [reactiveApp] [parallel-4] o.s.w.s.adapter.HttpWebHandlerAdapter    : [3f6fa436] Completed 200 OK
2024-10-27T18:07:17.129+05:30 DEBUG 17520 --- [reactiveApp] [parallel-4] o.s.w.r.f.client.ExchangeFunctions       : [173a5fad] [7e95f7ac] Response 200 OK
2024-10-27T18:07:17.168+05:30 DEBUG 17520 --- [reactiveApp] [Test worker] o.s.w.r.f.client.ExchangeFunctions       : [7f030c72] HTTP GET /product
2024-10-27T18:07:17.170+05:30 DEBUG 17520 --- [reactiveApp] [parallel-1] o.s.w.s.adapter.HttpWebHandlerAdapter    : [33d0360] HTTP GET "/product"
2024-10-27T18:07:17.171+05:30 DEBUG 17520 --- [reactiveApp] [parallel-1] s.w.r.r.m.a.RequestMappingHandlerMapping : [33d0360] Mapped to com.reactiveApp.controller.ProductController#getAllProducts()
2024-10-27T18:07:17.173+05:30 DEBUG 17520 --- [reactiveApp] [parallel-1] o.s.w.r.r.m.a.ResponseBodyResultHandler  : [33d0360] Using 'application/json' given [*/*] and supported [application/json, application/*+json, application/x-ndjson, text/event-stream]
2024-10-27T18:07:17.173+05:30 DEBUG 17520 --- [reactiveApp] [parallel-1] o.s.w.r.r.m.a.ResponseBodyResultHandler  : [33d0360] 0..N [com.reactiveApp.model.Product]
2024-10-27T18:07:17.182+05:30 DEBUG 17520 --- [reactiveApp] [parallel-1] org.springframework.web.HttpLogging      : [33d0360] Encoding [Product [productName=Iphone 13, qty=2, price=12300.89, description=Iphone Product]]
2024-10-27T18:07:17.186+05:30 DEBUG 17520 --- [reactiveApp] [parallel-1] o.s.w.s.adapter.HttpWebHandlerAdapter    : [33d0360] Completed 200 OK
2024-10-27T18:07:17.186+05:30 DEBUG 17520 --- [reactiveApp] [parallel-1] o.s.w.r.f.client.ExchangeFunctions       : [7f030c72] [198bb28f] Response 200 OK
2024-10-27T18:07:17.209+05:30 DEBUG 17520 --- [reactiveApp] [Test worker] org.springframework.web.HttpLogging      : [7f030c72] [198bb28f] Decoded [Product [productName=Iphone 13, qty=2, price=12300.89, description=Iphone Product]]
2024-10-27T18:07:17.210+05:30 DEBUG 17520 --- [reactiveApp] [Test worker] org.springframework.web.HttpLogging      : [33d0360] Encoding [Product [productName=boAt Airpods, qty=5, price=4500.9, description=boAt Product]]
2024-10-27T18:07:17.211+05:30 DEBUG 17520 --- [reactiveApp] [Test worker] org.springframework.web.HttpLogging      : [7f030c72] [198bb28f] Decoded [Product [productName=boAt Airpods, qty=5, price=4500.9, description=boAt Product]]
2024-10-27T18:07:17.217+05:30 ERROR 17520 --- [reactiveApp] [Test worker] o.s.t.w.reactive.server.ExchangeResult   : Request details for assertion failure:

> GET /product
> WebTestClient-Request-Id: [5]

No content

< 200 OK OK
< Content-Type: [application/json]

[{"id":"1","productName":"Iphone 13","qty":2,"price":12300.89,"description":"Iphone Product"},{"id":"2","productName":"boAt Airpods","qty":5,"price":4500.9,"description":"boAt Product"}]

2024-10-27T18:07:20.148+05:30 DEBUG 17520 --- [reactiveApp] [Test worker] s.w.r.r.m.a.RequestMappingHandlerMapping : 5 mappings in 'requestMappingHandlerMapping'
2024-10-27T18:07:20.153+05:30 DEBUG 17520 --- [reactiveApp] [Test worker] o.s.w.r.handler.SimpleUrlHandlerMapping  : Patterns [/webjars/**, /**] in 'resourceHandlerMapping'
2024-10-27T18:07:20.168+05:30 DEBUG 17520 --- [reactiveApp] [Test worker] o.s.w.r.r.m.a.ControllerMethodResolver   : ControllerAdvice beans: none
2024-10-27T18:07:20.187+05:30 DEBUG 17520 --- [reactiveApp] [Test worker] o.s.w.s.adapter.HttpWebHandlerAdapter    : enableLoggingRequestDetails='false': form data and headers will be masked to prevent unsafe logging of potentially sensitive data
2024-10-27T18:09:00.401+05:30 DEBUG 22208 --- [reactiveApp] [main] s.w.r.r.m.a.RequestMappingHandlerMapping : 5 mappings in 'requestMappingHandlerMapping'
2024-10-27T18:09:00.433+05:30 DEBUG 22208 --- [reactiveApp] [main] o.s.w.r.handler.SimpleUrlHandlerMapping  : Patterns [/webjars/**, /**] in 'resourceHandlerMapping'
2024-10-27T18:09:00.702+05:30 DEBUG 22208 --- [reactiveApp] [main] o.s.w.r.r.m.a.ControllerMethodResolver   : ControllerAdvice beans: none
2024-10-27T18:09:00.874+05:30 DEBUG 22208 --- [reactiveApp] [main] o.s.w.s.adapter.HttpWebHandlerAdapter    : enableLoggingRequestDetails='false': form data and headers will be masked to prevent unsafe logging of potentially sensitive data
2024-10-27T18:09:01.496+05:30 DEBUG 22208 --- [reactiveApp] [main] o.s.w.r.f.client.ExchangeFunctions       : [3386c206] HTTP GET /product/1
2024-10-27T18:09:01.648+05:30 DEBUG 22208 --- [reactiveApp] [parallel-1] o.s.w.s.adapter.HttpWebHandlerAdapter    : [3bb646b4] HTTP GET "/product/1"
2024-10-27T18:09:01.717+05:30 DEBUG 22208 --- [reactiveApp] [parallel-1] s.w.r.r.m.a.RequestMappingHandlerMapping : [3bb646b4] Mapped to com.reactiveApp.controller.ProductController#getProductById(String)
2024-10-27T18:09:01.865+05:30 DEBUG 22208 --- [reactiveApp] [parallel-1] o.s.w.r.r.m.a.ResponseBodyResultHandler  : [3bb646b4] Using 'application/json' given [*/*] and supported [application/json, application/*+json, application/x-ndjson, text/event-stream]
2024-10-27T18:09:01.866+05:30 DEBUG 22208 --- [reactiveApp] [parallel-1] o.s.w.r.r.m.a.ResponseBodyResultHandler  : [3bb646b4] 0..1 [com.reactiveApp.model.Product]
2024-10-27T18:09:01.903+05:30 DEBUG 22208 --- [reactiveApp] [parallel-1] org.springframework.web.HttpLogging      : [3bb646b4] Encoding [Product [productName=Iphone 13, qty=2, price=12300.89, description=Iphone Product]]
2024-10-27T18:09:01.932+05:30 DEBUG 22208 --- [reactiveApp] [parallel-1] o.s.w.s.adapter.HttpWebHandlerAdapter    : [3bb646b4] Completed 200 OK
2024-10-27T18:09:01.945+05:30 DEBUG 22208 --- [reactiveApp] [parallel-1] o.s.w.r.f.client.ExchangeFunctions       : [3386c206] [17e599c1] Response 200 OK
2024-10-27T18:09:02.102+05:30 DEBUG 22208 --- [reactiveApp] [main] org.springframework.web.HttpLogging      : [3386c206] [17e599c1] Decoded [Product [productName=Iphone 13, qty=2, price=12300.89, description=Iphone Product]]
2024-10-27T18:09:02.116+05:30 ERROR 22208 --- [reactiveApp] [main] o.s.t.w.reactive.server.ExchangeResult   : Request details for assertion failure:

> GET /product/1
> WebTestClient-Request-Id: [1]

No content

< 200 OK OK
< Content-Type: [application/json]
< Content-Length: [92]

{"id":"1","productName":"Iphone 13","qty":2,"price":12300.89,"description":"Iphone Product"}

2024-10-27T18:09:02.171+05:30 DEBUG 22208 --- [reactiveApp] [main] o.s.w.r.f.client.ExchangeFunctions       : [606d6d2c] HTTP POST /product
2024-10-27T18:09:02.179+05:30 DEBUG 22208 --- [reactiveApp] [parallel-2] org.springframework.web.HttpLogging      : [606d6d2c] Encoding [Product [productName=Iphone 13, qty=2, price=12300.89, description=Iphone Product]]
2024-10-27T18:09:02.183+05:30 DEBUG 22208 --- [reactiveApp] [parallel-2] o.s.w.s.adapter.HttpWebHandlerAdapter    : [12d450e7] HTTP POST "/product"
2024-10-27T18:09:02.184+05:30 DEBUG 22208 --- [reactiveApp] [parallel-2] s.w.r.r.m.a.RequestMappingHandlerMapping : [12d450e7] Mapped to com.reactiveApp.controller.ProductController#addProduct(Product)
2024-10-27T18:09:02.194+05:30 DEBUG 22208 --- [reactiveApp] [parallel-2] .r.m.a.RequestBodyMethodArgumentResolver : [12d450e7] Content-Type:application/json
2024-10-27T18:09:02.195+05:30 DEBUG 22208 --- [reactiveApp] [parallel-2] .r.m.a.RequestBodyMethodArgumentResolver : [12d450e7] 0..1 [com.reactiveApp.model.Product]
2024-10-27T18:09:02.198+05:30 DEBUG 22208 --- [reactiveApp] [parallel-2] org.springframework.web.HttpLogging      : [12d450e7] Decoded [Product [productName=Iphone 13, qty=2, price=12300.89, description=Iphone Product]]
2024-10-27T18:09:02.200+05:30 DEBUG 22208 --- [reactiveApp] [parallel-2] o.s.w.s.adapter.HttpWebHandlerAdapter    : [12d450e7] Completed 201 CREATED
2024-10-27T18:09:02.210+05:30 DEBUG 22208 --- [reactiveApp] [parallel-2] o.s.w.r.f.client.ExchangeFunctions       : [606d6d2c] [1bf5369e] Response 201 CREATED
2024-10-27T18:09:02.214+05:30 ERROR 22208 --- [reactiveApp] [main] o.s.t.w.reactive.server.ExchangeResult   : Request details for assertion failure:

> POST /product
> WebTestClient-Request-Id: [2]
> Content-Type: [application/json]
> Content-Length: [92]

{"id":"1","productName":"Iphone 13","qty":2,"price":12300.89,"description":"Iphone Product"}

< 201 CREATED Created
< 

0 bytes of content (unknown content-type).

2024-10-27T18:09:02.230+05:30 DEBUG 22208 --- [reactiveApp] [main] o.s.w.r.f.client.ExchangeFunctions       : [7f6b57f2] HTTP PUT /product/1
2024-10-27T18:09:02.241+05:30 DEBUG 22208 --- [reactiveApp] [parallel-3] org.springframework.web.HttpLogging      : [7f6b57f2] Encoding [Product [productName=Iphone 13 Pro, qty=3, price=24600.0, description=Iphone product]]
2024-10-27T18:09:02.244+05:30 DEBUG 22208 --- [reactiveApp] [parallel-3] o.s.w.s.adapter.HttpWebHandlerAdapter    : [116896be] HTTP PUT "/product/1"
2024-10-27T18:09:02.247+05:30 DEBUG 22208 --- [reactiveApp] [parallel-3] s.w.r.r.m.a.RequestMappingHandlerMapping : [116896be] Mapped to com.reactiveApp.controller.ProductController#updateProduct(Product, String)
2024-10-27T18:09:02.249+05:30 DEBUG 22208 --- [reactiveApp] [parallel-3] .r.m.a.RequestBodyMethodArgumentResolver : [116896be] Content-Type:application/json
2024-10-27T18:09:02.250+05:30 DEBUG 22208 --- [reactiveApp] [parallel-3] .r.m.a.RequestBodyMethodArgumentResolver : [116896be] 0..1 [com.reactiveApp.model.Product]
2024-10-27T18:09:02.253+05:30 DEBUG 22208 --- [reactiveApp] [parallel-3] org.springframework.web.HttpLogging      : [116896be] Decoded [Product [productName=Iphone 13 Pro, qty=3, price=24600.0, description=Iphone product]]
2024-10-27T18:09:02.259+05:30 DEBUG 22208 --- [reactiveApp] [parallel-3] o.s.w.s.adapter.HttpWebHandlerAdapter    : [116896be] Completed 201 CREATED
2024-10-27T18:09:02.261+05:30 DEBUG 22208 --- [reactiveApp] [parallel-3] o.s.w.r.f.client.ExchangeFunctions       : [7f6b57f2] [1b90fdce] Response 201 CREATED
2024-10-27T18:09:02.263+05:30 ERROR 22208 --- [reactiveApp] [main] o.s.t.w.reactive.server.ExchangeResult   : Request details for assertion failure:

> PUT /product/1
> WebTestClient-Request-Id: [3]
> Content-Type: [application/json]
> Content-Length: [95]

{"id":"1","productName":"Iphone 13 Pro","qty":3,"price":24600.0,"description":"Iphone product"}

< 201 CREATED Created
< 

0 bytes of content (unknown content-type).

2024-10-27T18:09:02.277+05:30 DEBUG 22208 --- [reactiveApp] [main] o.s.w.r.f.client.ExchangeFunctions       : [382faf51] HTTP DELETE /product/1
2024-10-27T18:09:02.279+05:30 DEBUG 22208 --- [reactiveApp] [parallel-4] o.s.w.s.adapter.HttpWebHandlerAdapter    : [3e934174] HTTP DELETE "/product/1"
2024-10-27T18:09:02.282+05:30 DEBUG 22208 --- [reactiveApp] [parallel-4] s.w.r.r.m.a.RequestMappingHandlerMapping : [3e934174] Mapped to com.reactiveApp.controller.ProductController#deleteById(String)
2024-10-27T18:09:02.289+05:30 DEBUG 22208 --- [reactiveApp] [parallel-4] o.s.w.r.r.m.a.ResponseBodyResultHandler  : [3e934174] Using 'application/json' given [*/*] and supported [application/json, application/*+json, application/x-ndjson, text/event-stream]
2024-10-27T18:09:02.289+05:30 DEBUG 22208 --- [reactiveApp] [parallel-4] o.s.w.r.r.m.a.ResponseBodyResultHandler  : [3e934174] 0..1 [com.reactiveApp.model.Product]
2024-10-27T18:09:02.295+05:30 DEBUG 22208 --- [reactiveApp] [parallel-4] org.springframework.web.HttpLogging      : [3e934174] Encoding [Product [productName=Iphone 13, qty=2, price=12300.89, description=Iphone Product]]
2024-10-27T18:09:02.297+05:30 DEBUG 22208 --- [reactiveApp] [parallel-4] o.s.w.s.adapter.HttpWebHandlerAdapter    : [3e934174] Completed 200 OK
2024-10-27T18:09:02.300+05:30 DEBUG 22208 --- [reactiveApp] [parallel-4] o.s.w.r.f.client.ExchangeFunctions       : [382faf51] [39fec1b7] Response 200 OK
2024-10-27T18:09:02.339+05:30 DEBUG 22208 --- [reactiveApp] [main] o.s.w.r.f.client.ExchangeFunctions       : [49c83262] HTTP GET /product
2024-10-27T18:09:02.340+05:30 DEBUG 22208 --- [reactiveApp] [parallel-1] o.s.w.s.adapter.HttpWebHandlerAdapter    : [7dd072c] HTTP GET "/product"
2024-10-27T18:09:02.341+05:30 DEBUG 22208 --- [reactiveApp] [parallel-1] s.w.r.r.m.a.RequestMappingHandlerMapping : [7dd072c] Mapped to com.reactiveApp.controller.ProductController#getAllProducts()
2024-10-27T18:09:02.346+05:30 DEBUG 22208 --- [reactiveApp] [parallel-1] o.s.w.r.r.m.a.ResponseBodyResultHandler  : [7dd072c] Using 'application/json' given [*/*] and supported [application/json, application/*+json, application/x-ndjson, text/event-stream]
2024-10-27T18:09:02.347+05:30 DEBUG 22208 --- [reactiveApp] [parallel-1] o.s.w.r.r.m.a.ResponseBodyResultHandler  : [7dd072c] 0..N [com.reactiveApp.model.Product]
2024-10-27T18:09:02.359+05:30 DEBUG 22208 --- [reactiveApp] [parallel-1] org.springframework.web.HttpLogging      : [7dd072c] Encoding [Product [productName=Iphone 13, qty=2, price=12300.89, description=Iphone Product]]
2024-10-27T18:09:02.363+05:30 DEBUG 22208 --- [reactiveApp] [parallel-1] o.s.w.s.adapter.HttpWebHandlerAdapter    : [7dd072c] Completed 200 OK
2024-10-27T18:09:02.364+05:30 DEBUG 22208 --- [reactiveApp] [parallel-1] o.s.w.r.f.client.ExchangeFunctions       : [49c83262] [6903c83] Response 200 OK
2024-10-27T18:09:02.387+05:30 DEBUG 22208 --- [reactiveApp] [main] org.springframework.web.HttpLogging      : [49c83262] [6903c83] Decoded [Product [productName=Iphone 13, qty=2, price=12300.89, description=Iphone Product]]
2024-10-27T18:09:02.388+05:30 DEBUG 22208 --- [reactiveApp] [main] org.springframework.web.HttpLogging      : [7dd072c] Encoding [Product [productName=boAt Airpods, qty=5, price=4500.9, description=boAt Product]]
2024-10-27T18:09:02.392+05:30 DEBUG 22208 --- [reactiveApp] [main] org.springframework.web.HttpLogging      : [49c83262] [6903c83] Decoded [Product [productName=boAt Airpods, qty=5, price=4500.9, description=boAt Product]]
2024-10-27T18:09:02.401+05:30 ERROR 22208 --- [reactiveApp] [main] o.s.t.w.reactive.server.ExchangeResult   : Request details for assertion failure:

> GET /product
> WebTestClient-Request-Id: [5]

No content

< 200 OK OK
< Content-Type: [application/json]

[{"id":"1","productName":"Iphone 13","qty":2,"price":12300.89,"description":"Iphone Product"},{"id":"2","productName":"boAt Airpods","qty":5,"price":4500.9,"description":"boAt Product"}]

2024-10-27T19:08:05.144+05:30 DEBUG 25200 --- [reactiveApp] [restartedMain] s.w.r.r.m.a.RequestMappingHandlerMapping : 5 mappings in 'requestMappingHandlerMapping'
2024-10-27T19:08:05.173+05:30 DEBUG 25200 --- [reactiveApp] [restartedMain] o.s.w.r.handler.SimpleUrlHandlerMapping  : Patterns [/webjars/**, /**] in 'resourceHandlerMapping'
2024-10-27T19:08:05.246+05:30 DEBUG 25200 --- [reactiveApp] [restartedMain] o.s.w.r.r.m.a.ControllerMethodResolver   : ControllerAdvice beans: none
2024-10-27T19:08:05.311+05:30 DEBUG 25200 --- [reactiveApp] [restartedMain] o.s.w.s.adapter.HttpWebHandlerAdapter    : enableLoggingRequestDetails='false': form data and headers will be masked to prevent unsafe logging of potentially sensitive data
